{"/Users/elisa.rotger/Documents/Workspace/Projects/stopwatch-react/src/components/button.jsx": {"path":"/Users/elisa.rotger/Documents/Workspace/Projects/stopwatch-react/src/components/button.jsx","statementMap":{"0":{"start":{"line":5,"column":4},"end":{"line":5,"column":27}},"1":{"start":{"line":8,"column":2},"end":{"line":17,"column":3}}},"fnMap":{"0":{"name":"Button","decl":{"start":{"line":3,"column":9},"end":{"line":3,"column":15}},"loc":{"start":{"line":3,"column":23},"end":{"line":18,"column":1}},"line":3},"1":{"name":"toggleTimer","decl":{"start":{"line":4,"column":11},"end":{"line":4,"column":22}},"loc":{"start":{"line":4,"column":25},"end":{"line":6,"column":3}},"line":4}},"branchMap":{},"s":{"0":0,"1":1},"f":{"0":1,"1":0},"b":{},"_coverageSchema":"1a1c01bbd47fc00a2c39e90264f33305004495a9","hash":"01cabb3de1c57604d3f006d49816339bdff47a26"}
}
